2017-08-30 05:49:51,054 [Worker-5] INFO  o.e.m.c.i.e.AbstractTransferListenerAdapter - Downloaded https://repo.maven.apache.org/maven2/org/springframework/boot/spring-boot-starter-parent/1.5.6.RELEASE/spring-boot-starter-parent-1.5.6.RELEASE.pom
2017-08-30 05:49:51,323 [Worker-5] INFO  o.e.m.c.i.p.ProjectConfigurationManager - Imported and configured 1 project(s) in 10 sec
2017-08-30 05:51:15,868 [Worker-7] INFO  o.e.m.c.i.p.ProjectConfigurationManager - Update started
2017-08-30 05:51:15,907 [Worker-7] INFO  o.e.m.c.i.p.ProjectConfigurationManager - Update completed: 0 sec
2017-08-30 05:51:27,081 [Worker-6] ERROR o.e.m.c.i.p.r.ProjectRegistryManager - Failed to read Maven project: 1 problem was encountered while building the effective model for org.springframework:gs-consuming-web-service:0.1.0
[FATAL] Non-resolvable parent POM for org.springframework:gs-consuming-web-service:0.1.0: Failure to transfer org.springframework.boot:spring-boot-starter-parent:pom:1.5.6.RELEASE from https://repo.maven.apache.org/maven2 was cached in the local repository, resolution will not be reattempted until the update interval of central has elapsed or updates are forced. Original error: Could not transfer artifact org.springframework.boot:spring-boot-starter-parent:pom:1.5.6.RELEASE from/to central (https://repo.maven.apache.org/maven2): connect timed out and 'parent.relativePath' points at wrong local POM @ line 10, column 13
 for project org.springframework:gs-consuming-web-service:0.1.0 at E:\TASKS\WebService\SOAP_WebService-UsingSpring\gs-consuming-web-service-master\gs-consuming-web-service-master\complete\pom.xml
org.apache.maven.project.ProjectBuildingException: 1 problem was encountered while building the effective model for org.springframework:gs-consuming-web-service:0.1.0
[FATAL] Non-resolvable parent POM for org.springframework:gs-consuming-web-service:0.1.0: Failure to transfer org.springframework.boot:spring-boot-starter-parent:pom:1.5.6.RELEASE from https://repo.maven.apache.org/maven2 was cached in the local repository, resolution will not be reattempted until the update interval of central has elapsed or updates are forced. Original error: Could not transfer artifact org.springframework.boot:spring-boot-starter-parent:pom:1.5.6.RELEASE from/to central (https://repo.maven.apache.org/maven2): connect timed out and 'parent.relativePath' points at wrong local POM @ line 10, column 13
 for project org.springframework:gs-consuming-web-service:0.1.0 at E:\TASKS\WebService\SOAP_WebService-UsingSpring\gs-consuming-web-service-master\gs-consuming-web-service-master\complete\pom.xml
	at org.apache.maven.project.DefaultProjectBuilder.build(DefaultProjectBuilder.java:168) ~[maven-core-3.3.9.jar:3.3.9]
	at org.apache.maven.project.DefaultProjectBuilder.build(DefaultProjectBuilder.java:119) ~[maven-core-3.3.9.jar:3.3.9]
	at org.eclipse.m2e.core.internal.embedder.MavenImpl.readMavenProject(MavenImpl.java:636) ~[org.eclipse.m2e.core_1.7.0.20160603-1933.jar:na]
	at org.eclipse.m2e.core.internal.project.registry.ProjectRegistryManager$5.call(ProjectRegistryManager.java:816) ~[org.eclipse.m2e.core_1.7.0.20160603-1933.jar:na]
	at org.eclipse.m2e.core.internal.project.registry.ProjectRegistryManager$5.call(ProjectRegistryManager.java:1) ~[org.eclipse.m2e.core_1.7.0.20160603-1933.jar:na]
	at org.eclipse.m2e.core.internal.embedder.MavenExecutionContext.executeBare(MavenExecutionContext.java:176) ~[org.eclipse.m2e.core_1.7.0.20160603-1933.jar:na]
	at org.eclipse.m2e.core.internal.embedder.MavenExecutionContext.execute(MavenExecutionContext.java:151) ~[org.eclipse.m2e.core_1.7.0.20160603-1933.jar:na]
	at org.eclipse.m2e.core.internal.embedder.MavenExecutionContext.execute(MavenExecutionContext.java:99) ~[org.eclipse.m2e.core_1.7.0.20160603-1933.jar:na]
	at org.eclipse.m2e.core.internal.project.registry.ProjectRegistryManager.execute(ProjectRegistryManager.java:967) ~[org.eclipse.m2e.core_1.7.0.20160603-1933.jar:na]
	at org.eclipse.m2e.core.internal.project.registry.ProjectRegistryManager.readProjectWithDependencies(ProjectRegistryManager.java:811) ~[org.eclipse.m2e.core_1.7.0.20160603-1933.jar:na]
	at org.eclipse.m2e.core.internal.project.registry.ProjectRegistryManager.create(ProjectRegistryManager.java:192) ~[org.eclipse.m2e.core_1.7.0.20160603-1933.jar:na]
	at org.eclipse.m2e.core.internal.project.registry.MavenProjectManager.create(MavenProjectManager.java:80) [org.eclipse.m2e.core_1.7.0.20160603-1933.jar:na]
	at org.eclipse.m2e.core.ui.internal.actions.SelectionUtil.getMavenProject(SelectionUtil.java:259) [org.eclipse.m2e.core.ui_1.7.0.20160603-1933.jar:na]
	at org.eclipse.m2e.editor.pom.MavenPomEditor.readMavenProject(MavenPomEditor.java:732) [org.eclipse.m2e.editor_1.7.0.20160603-1933.jar:na]
	at org.eclipse.m2e.editor.pom.MavenPomEditor$5.run(MavenPomEditor.java:1053) [org.eclipse.m2e.editor_1.7.0.20160603-1933.jar:na]
	at org.eclipse.core.internal.jobs.Worker.run(Worker.java:55) [org.eclipse.core.jobs_3.8.0.v20160509-0411.jar:na]
Caused by: org.apache.maven.model.building.ModelBuildingException: 1 problem was encountered while building the effective model for org.springframework:gs-consuming-web-service:0.1.0
[FATAL] Non-resolvable parent POM for org.springframework:gs-consuming-web-service:0.1.0: Failure to transfer org.springframework.boot:spring-boot-starter-parent:pom:1.5.6.RELEASE from https://repo.maven.apache.org/maven2 was cached in the local repository, resolution will not be reattempted until the update interval of central has elapsed or updates are forced. Original error: Could not transfer artifact org.springframework.boot:spring-boot-starter-parent:pom:1.5.6.RELEASE from/to central (https://repo.maven.apache.org/maven2): connect timed out and 'parent.relativePath' points at wrong local POM @ line 10, column 13

	at org.apache.maven.model.building.DefaultModelProblemCollector.newModelBuildingException(DefaultModelProblemCollector.java:197) ~[maven-model-builder-3.3.9.jar:3.3.9]
	at org.apache.maven.model.building.DefaultModelBuilder.readParentExternally(DefaultModelBuilder.java:1029) ~[maven-model-builder-3.3.9.jar:3.3.9]
	at org.apache.maven.model.building.DefaultModelBuilder.readParent(DefaultModelBuilder.java:800) ~[maven-model-builder-3.3.9.jar:3.3.9]
	at org.apache.maven.model.building.DefaultModelBuilder.build(DefaultModelBuilder.java:329) ~[maven-model-builder-3.3.9.jar:3.3.9]
	at org.apache.maven.project.DefaultProjectBuilder.build(DefaultProjectBuilder.java:161) ~[maven-core-3.3.9.jar:3.3.9]
	... 15 common frames omitted
2017-08-30 05:51:45,480 [Worker-7] INFO  o.e.m.i.launch.MavenLaunchDelegate - E:\TASKS\WebService\SOAP_WebService-UsingSpring\gs-consuming-web-service-master\gs-consuming-web-service-master\complete
2017-08-30 05:51:45,481 [Worker-7] INFO  o.e.m.i.launch.MavenLaunchDelegate -  mvn -B -gs D:\SOFTWARES\apache-maven-3.3.9\conf\settings.xml clean
2017-08-30 05:52:09,936 [Worker-7] INFO  o.e.m.c.i.p.ProjectConfigurationManager - Update started
2017-08-30 05:52:09,951 [Worker-7] INFO  o.e.m.c.i.p.ProjectConfigurationManager - Update completed: 0 sec
2017-08-30 05:52:20,502 [Worker-6] INFO  o.e.m.i.launch.MavenLaunchDelegate - E:\TASKS\WebService\SOAP_WebService-UsingSpring\gs-consuming-web-service-master\gs-consuming-web-service-master\complete
2017-08-30 05:52:20,503 [Worker-6] INFO  o.e.m.i.launch.MavenLaunchDelegate -  mvn -B -gs D:\SOFTWARES\apache-maven-3.3.9\conf\settings.xml install
2017-08-30 05:52:41,954 [Worker-5] INFO  o.e.m.c.i.p.ProjectConfigurationManager - Update started
2017-08-30 05:52:41,966 [Worker-5] INFO  o.e.m.c.i.p.ProjectConfigurationManager - Update completed: 0 sec
2017-08-30 05:54:33,622 [Worker-4] ERROR o.e.m.c.i.p.ProjectConfigurationManager - Project gs-consuming-web-service already exists
2017-08-30 05:54:33,667 [Worker-4] INFO  o.e.m.c.i.p.ProjectConfigurationManager - Imported and configured 2 project(s) in 0 sec
2017-08-30 05:55:03,728 [Worker-0] INFO  o.e.m.c.i.p.ProjectConfigurationManager - Update started
2017-08-30 05:55:03,752 [Worker-0] INFO  o.e.m.c.i.p.ProjectConfigurationManager - Update completed: 0 sec
2017-08-30 05:55:10,367 [Worker-4] INFO  o.e.m.i.launch.MavenLaunchDelegate - E:\TASKS\WebService\SOAP_WebService-UsingSpring\gs-consuming-web-service-master\gs-consuming-web-service-master\complete
2017-08-30 05:55:10,367 [Worker-4] INFO  o.e.m.i.launch.MavenLaunchDelegate -  mvn -B -gs D:\SOFTWARES\apache-maven-3.3.9\conf\settings.xml install
